\BOOKMARK [0][-]{dummy.3}{\376\377\000C\000o\000n\000t\000e\000n\000t\000s}{}% 1
\BOOKMARK [0][-]{dummy.5}{\376\377\000L\000i\000s\000t\000\040\000o\000f\000\040\000F\000i\000g\000u\000r\000e\000s}{}% 2
\BOOKMARK [0][-]{dummy.7}{\376\377\000L\000i\000s\000t\000\040\000o\000f\000\040\000T\000a\000b\000l\000e\000s}{}% 3
\BOOKMARK [0][-]{dummy.9}{\376\377\000A\000b\000b\000r\000e\000v\000i\000a\000t\000i\000o\000n\000s}{}% 4
\BOOKMARK [0][-]{dummy.12}{\376\377\000S\000y\000m\000b\000o\000l\000s}{}% 5
\BOOKMARK [0][-]{chapter.15}{\376\377\0001\000\040\000I\000n\000t\000r\000o\000d\000u\000c\000t\000i\000o\000n}{}% 6
\BOOKMARK [1][-]{section.16}{\376\377\0001\000.\0001\000\040\000M\000e\000t\000a\000g\000e\000n\000o\000m\000i\000c\000\040\000a\000n\000a\000l\000y\000s\000i\000s}{chapter.15}% 7
\BOOKMARK [2][-]{subsection.17}{\376\377\0001\000.\0001\000.\0001\000\040\000D\000e\000f\000i\000n\000i\000t\000i\000o\000n}{section.16}% 8
\BOOKMARK [2][-]{subsection.18}{\376\377\0001\000.\0001\000.\0002\000\040\000M\000i\000c\000r\000o\000o\000r\000g\000a\000n\000i\000s\000m}{section.16}% 9
\BOOKMARK [1][-]{section.19}{\376\377\0001\000.\0002\000\040\000V\000i\000r\000u\000s\000e\000s}{chapter.15}% 10
\BOOKMARK [2][-]{subsection.20}{\376\377\0001\000.\0002\000.\0001\000\040\000D\000e\000f\000i\000n\000i\000t\000i\000o\000n}{section.19}% 11
\BOOKMARK [2][-]{subsection.21}{\376\377\0001\000.\0002\000.\0002\000\040\000I\000m\000p\000o\000r\000t\000a\000n\000c\000e\000\040\000i\000n\000\040\000c\000l\000i\000n\000i\000c\000a\000l\000\040\000a\000n\000d\000\040\000e\000n\000v\000i\000r\000o\000n\000m\000e\000n\000t}{section.19}% 12
\BOOKMARK [2][-]{subsection.22}{\376\377\0001\000.\0002\000.\0003\000\040\000I\000d\000e\000n\000t\000i\000f\000i\000c\000a\000t\000i\000o\000n}{section.19}% 13
\BOOKMARK [1][-]{section.23}{\376\377\0001\000.\0003\000\040\000N\000e\000x\000t\000\040\000G\000e\000n\000e\000r\000a\000t\000i\000o\000n\000\040\000S\000e\000q\000u\000e\000n\000c\000i\000n\000g}{chapter.15}% 14
\BOOKMARK [2][-]{subsection.24}{\376\377\0001\000.\0003\000.\0001\000\040\000T\000o\000o\000l\000s}{section.23}% 15
\BOOKMARK [2][-]{subsection.25}{\376\377\0001\000.\0003\000.\0002\000\040\000D\000a\000t\000a}{section.23}% 16
\BOOKMARK [1][-]{section.26}{\376\377\0001\000.\0004\000\040\000O\000u\000r\000\040\000C\000o\000n\000t\000r\000i\000b\000u\000t\000i\000o\000n}{chapter.15}% 17
\BOOKMARK [0][-]{chapter.27}{\376\377\0002\000\040\000R\000e\000l\000a\000t\000e\000d\000\040\000W\000o\000r\000k}{}% 18
\BOOKMARK [1][-]{section.28}{\376\377\0002\000.\0001\000\040\000S\000i\000m\000i\000l\000a\000r\000i\000t\000y\000\040\000t\000o\000o\000l\000s}{chapter.27}% 19
\BOOKMARK [1][-]{section.29}{\376\377\0002\000.\0002\000\040\000S\000t\000a\000t\000i\000s\000t\000i\000c\000a\000l\000\040\000t\000o\000o\000l\000s}{chapter.27}% 20
\BOOKMARK [0][-]{chapter.30}{\376\377\0003\000\040\000D\000e\000e\000p\000\040\000n\000e\000u\000r\000a\000l\000\040\000n\000e\000t\000w\000o\000r\000k\000s\000\040\000f\000o\000r\000\040\000i\000d\000e\000n\000t\000i\000f\000i\000c\000a\000t\000i\000o\000n}{}% 21
\BOOKMARK [1][-]{section.31}{\376\377\0003\000.\0001\000\040\000C\000o\000n\000v\000o\000l\000u\000t\000i\000o\000n\000\040\000n\000e\000u\000r\000a\000l\000\040\000n\000e\000t\000w\000o\000r\000k\000s}{chapter.30}% 22
\BOOKMARK [2][-]{subsection.32}{\376\377\0003\000.\0001\000.\0001\000\040\000T\000r\000i\000p\000l\000e\000t\000\040\000l\000o\000s\000s\000\040\000m\000e\000c\000h\000a\000n\000i\000s\000m}{section.31}% 23
\BOOKMARK [1][-]{section.33}{\376\377\0003\000.\0002\000\040\000S\000e\000q\000u\000e\000n\000c\000e\000\040\000n\000e\000u\000r\000a\000l\000\040\000n\000e\000t\000w\000o\000r\000k\000s}{chapter.30}% 24
\BOOKMARK [2][-]{subsection.34}{\376\377\0003\000.\0002\000.\0001\000\040\000A\000t\000t\000e\000n\000t\000i\000o\000n\000\040\000m\000e\000c\000h\000a\000n\000i\000s\000m}{section.33}% 25
\BOOKMARK [0][-]{chapter.35}{\376\377\0004\000\040\000E\000x\000p\000e\000r\000i\000m\000e\000n\000t\000a\000l\000\040\000r\000e\000s\000u\000l\000t\000s}{}% 26
\BOOKMARK [1][-]{section.36}{\376\377\0004\000.\0001\000\040\000D\000a\000t\000a\000s\000e\000t\000\040\000g\000e\000n\000e\000r\000a\000t\000i\000o\000n}{chapter.35}% 27
\BOOKMARK [1][-]{section.37}{\376\377\0004\000.\0002\000\040\000S\000i\000m\000u\000l\000a\000t\000e\000d\000\040\000M\000e\000t\000a\000g\000e\000n\000o\000m\000e}{chapter.35}% 28
\BOOKMARK [1][-]{section.38}{\376\377\0004\000.\0003\000\040\000R\000e\000a\000l\000\040\000m\000e\000t\000a\000g\000e\000n\000o\000m\000e\000\040\000c\000a\000s\000e\000s\000t\000u\000d\000y}{chapter.35}% 29
\BOOKMARK [0][-]{chapter.39}{\376\377\0005\000\040\000C\000o\000n\000c\000l\000u\000s\000i\000o\000n\000\040\000a\000n\000d\000\040\000F\000u\000t\000u\000r\000e\000\040\000W\000o\000r\000k}{}% 30
\BOOKMARK [1][-]{section.40}{\376\377\0005\000.\0001\000\040\000S\000u\000m\000m\000a\000r\000y}{chapter.39}% 31
\BOOKMARK [1][-]{section.41}{\376\377\0005\000.\0002\000\040\000C\000o\000n\000c\000l\000u\000s\000i\000o\000n}{chapter.39}% 32
\BOOKMARK [1][-]{section.42}{\376\377\0005\000.\0003\000\040\000F\000u\000t\000u\000r\000e\000\040\000W\000o\000r\000k}{chapter.39}% 33
\BOOKMARK [0][-]{appendix.43}{\376\377\000A\000\040\000A\000p\000p\000e\000n\000d\000i\000x\000\040\000T\000i\000t\000l\000e\000\040\000H\000e\000r\000e}{}% 34
\BOOKMARK [0][-]{dummy.44}{\376\377\000B\000i\000b\000l\000i\000o\000g\000r\000a\000p\000h\000y}{}% 35
